Determining if the pthread_create exist failed with the following output:
Change Dir: /home/wsh/mema/mema/CMakeFiles/CMakeTmp

Run Build Command:"/usr/bin/make" "cmTC_25daa/fast"
/usr/bin/make -f CMakeFiles/cmTC_25daa.dir/build.make CMakeFiles/cmTC_25daa.dir/build
make[1]: Entering directory '/home/wsh/mema/mema/CMakeFiles/CMakeTmp'
Building C object CMakeFiles/cmTC_25daa.dir/CheckSymbolExists.c.o
/usr/bin/cc    -o CMakeFiles/cmTC_25daa.dir/CheckSymbolExists.c.o   -c /home/wsh/mema/mema/CMakeFiles/CMakeTmp/CheckSymbolExists.c
Linking C executable cmTC_25daa
/usr/bin/cmake -E cmake_link_script CMakeFiles/cmTC_25daa.dir/link.txt --verbose=1
/usr/bin/cc      CMakeFiles/cmTC_25daa.dir/CheckSymbolExists.c.o  -o cmTC_25daa 
CMakeFiles/cmTC_25daa.dir/CheckSymbolExists.c.o: In function `main':
CheckSymbolExists.c:(.text+0x1b): undefined reference to `pthread_create'
collect2: error: ld returned 1 exit status
CMakeFiles/cmTC_25daa.dir/build.make:97: recipe for target 'cmTC_25daa' failed
make[1]: *** [cmTC_25daa] Error 1
make[1]: Leaving directory '/home/wsh/mema/mema/CMakeFiles/CMakeTmp'
Makefile:126: recipe for target 'cmTC_25daa/fast' failed
make: *** [cmTC_25daa/fast] Error 2

File /home/wsh/mema/mema/CMakeFiles/CMakeTmp/CheckSymbolExists.c:
/* */
#include <pthread.h>

int main(int argc, char** argv)
{
  (void)argv;
#ifndef pthread_create
  return ((int*)(&pthread_create))[argc];
#else
  (void)argc;
  return 0;
#endif
}

Determining if the function pthread_create exists in the pthreads failed with the following output:
Change Dir: /home/wsh/mema/mema/CMakeFiles/CMakeTmp

Run Build Command:"/usr/bin/make" "cmTC_b4cea/fast"
/usr/bin/make -f CMakeFiles/cmTC_b4cea.dir/build.make CMakeFiles/cmTC_b4cea.dir/build
make[1]: Entering directory '/home/wsh/mema/mema/CMakeFiles/CMakeTmp'
Building C object CMakeFiles/cmTC_b4cea.dir/CheckFunctionExists.c.o
/usr/bin/cc   -DCHECK_FUNCTION_EXISTS=pthread_create   -o CMakeFiles/cmTC_b4cea.dir/CheckFunctionExists.c.o   -c /usr/share/cmake-3.10/Modules/CheckFunctionExists.c
Linking C executable cmTC_b4cea
/usr/bin/cmake -E cmake_link_script CMakeFiles/cmTC_b4cea.dir/link.txt --verbose=1
/usr/bin/cc  -DCHECK_FUNCTION_EXISTS=pthread_create    CMakeFiles/cmTC_b4cea.dir/CheckFunctionExists.c.o  -o cmTC_b4cea -lpthreads 
/usr/bin/ld: cannot find -lpthreads
collect2: error: ld returned 1 exit status
CMakeFiles/cmTC_b4cea.dir/build.make:97: recipe for target 'cmTC_b4cea' failed
make[1]: *** [cmTC_b4cea] Error 1
make[1]: Leaving directory '/home/wsh/mema/mema/CMakeFiles/CMakeTmp'
Makefile:126: recipe for target 'cmTC_b4cea/fast' failed
make: *** [cmTC_b4cea/fast] Error 2


